[debug] [2022-10-26T21:03:56.459Z] ----------------------------------------------------------------------
[debug] [2022-10-26T21:03:56.461Z] Command:       C:\Program Files\nodejs\node.exe C:\Users\Nazmul Hasan\AppData\Roaming\npm\node_modules\firebase-tools\lib\bin\firebase.js init
[debug] [2022-10-26T21:03:56.462Z] CLI Version:   11.15.0
[debug] [2022-10-26T21:03:56.462Z] Platform:      win32
[debug] [2022-10-26T21:03:56.462Z] Node Version:  v16.15.1
[debug] [2022-10-26T21:03:56.464Z] Time:          Thu Oct 27 2022 03:03:56 GMT+0600 (Bangladesh Standard Time)
[debug] [2022-10-26T21:03:56.464Z] ----------------------------------------------------------------------
[debug] 
[debug] [2022-10-26T21:03:56.558Z] > command requires scopes: ["email","openid","https://www.googleapis.com/auth/cloudplatformprojects.readonly","https://www.googleapis.com/auth/firebase","https://www.googleapis.com/auth/cloud-platform"]
[debug] [2022-10-26T21:03:56.559Z] > authorizing via signed-in user (discovernazmul@gmail.com)
[info] 
     ######## #### ########  ######## ########     ###     ######  ########
     ##        ##  ##     ## ##       ##     ##  ##   ##  ##       ##
     ######    ##  ########  ######   ########  #########  ######  ######
     ##        ##  ##    ##  ##       ##     ## ##     ##       ## ##
     ##       #### ##     ## ######## ########  ##     ##  ######  ########

You're about to initialize a Firebase project in this directory:

  C:\projects\assignment-hero-tenth-client

Before we get started, keep in mind:

  * You are currently outside your home directory
  * You are initializing within an existing Firebase project directory

[info] 
=== Project Setup
[info] 
[info] First, let's associate this project directory with a Firebase project.
[info] You can create multiple project aliases by running firebase use --add, 
[info] but for now we'll just set up a default project.
[info] 
[debug] [2022-10-26T21:11:11.351Z] Using project from CLI flag: dragon-news
[debug] [2022-10-26T21:11:11.415Z] >>> [apiv2][query] GET https://firebase.googleapis.com/v1beta1/projects/dragon-news [none]
[debug] [2022-10-26T21:11:12.479Z] <<< [apiv2][status] GET https://firebase.googleapis.com/v1beta1/projects/dragon-news 403
[debug] [2022-10-26T21:11:12.480Z] <<< [apiv2][body] GET https://firebase.googleapis.com/v1beta1/projects/dragon-news {"error":{"code":403,"message":"The caller does not have permission","status":"PERMISSION_DENIED"}}
[debug] [2022-10-26T21:11:12.482Z] HTTP Error: 403, The caller does not have permission
[debug] [2022-10-26T21:11:12.845Z] FirebaseError: HTTP Error: 403, The caller does not have permission
    at responseToError (C:\Users\Nazmul Hasan\AppData\Roaming\npm\node_modules\firebase-tools\lib\responseToError.js:49:12)
    at RetryOperation._fn (C:\Users\Nazmul Hasan\AppData\Roaming\npm\node_modules\firebase-tools\lib\apiv2.js:288:77)
    at processTicksAndRejections (node:internal/process/task_queues:96:5)
[error] 
[error] Error: Failed to get Firebase project dragon-news. Please make sure the project exists and your account has permission to access it.
[debug] [2022-10-26T21:14:03.594Z] ----------------------------------------------------------------------
[debug] [2022-10-26T21:14:03.602Z] Command:       C:\Program Files\nodejs\node.exe C:\Users\Nazmul Hasan\AppData\Roaming\npm\node_modules\firebase-tools\lib\bin\firebase.js init
[debug] [2022-10-26T21:14:03.604Z] CLI Version:   11.15.0
[debug] [2022-10-26T21:14:03.605Z] Platform:      win32
[debug] [2022-10-26T21:14:03.605Z] Node Version:  v16.15.1
[debug] [2022-10-26T21:14:03.607Z] Time:          Thu Oct 27 2022 03:14:03 GMT+0600 (Bangladesh Standard Time)
[debug] [2022-10-26T21:14:03.608Z] ----------------------------------------------------------------------
[debug] 
[debug] [2022-10-26T21:14:03.850Z] > command requires scopes: ["email","openid","https://www.googleapis.com/auth/cloudplatformprojects.readonly","https://www.googleapis.com/auth/firebase","https://www.googleapis.com/auth/cloud-platform"]
[debug] [2022-10-26T21:14:03.851Z] > authorizing via signed-in user (discovernazmul@gmail.com)
[info] 
     ######## #### ########  ######## ########     ###     ######  ########
     ##        ##  ##     ## ##       ##     ##  ##   ##  ##       ##
     ######    ##  ########  ######   ########  #########  ######  ######
     ##        ##  ##    ##  ##       ##     ## ##     ##       ## ##
     ##       #### ##     ## ######## ########  ##     ##  ######  ########

You're about to initialize a Firebase project in this directory:

  C:\projects\assignment-hero-tenth-client

Before we get started, keep in mind:

  * You are currently outside your home directory
  * You are initializing within an existing Firebase project directory

[info] 
=== Project Setup
[info] 
[info] First, let's associate this project directory with a Firebase project.
[info] You can create multiple project aliases by running firebase use --add, 
[info] but for now we'll just set up a default project.
[info] 
[debug] [2022-10-26T21:14:37.032Z] Using project from CLI flag: dragon-news
[debug] [2022-10-26T21:14:37.036Z] >>> [apiv2][query] GET https://firebase.googleapis.com/v1beta1/projects/dragon-news [none]
[debug] [2022-10-26T21:14:37.963Z] <<< [apiv2][status] GET https://firebase.googleapis.com/v1beta1/projects/dragon-news 403
[debug] [2022-10-26T21:14:37.963Z] <<< [apiv2][body] GET https://firebase.googleapis.com/v1beta1/projects/dragon-news {"error":{"code":403,"message":"The caller does not have permission","status":"PERMISSION_DENIED"}}
[debug] [2022-10-26T21:14:37.964Z] HTTP Error: 403, The caller does not have permission
[debug] [2022-10-26T21:14:38.321Z] FirebaseError: HTTP Error: 403, The caller does not have permission
    at responseToError (C:\Users\Nazmul Hasan\AppData\Roaming\npm\node_modules\firebase-tools\lib\responseToError.js:49:12)
    at RetryOperation._fn (C:\Users\Nazmul Hasan\AppData\Roaming\npm\node_modules\firebase-tools\lib\apiv2.js:288:77)
    at processTicksAndRejections (node:internal/process/task_queues:96:5)
[error] 
[error] Error: Failed to get Firebase project dragon-news. Please make sure the project exists and your account has permission to access it.
[debug] [2022-10-26T21:16:26.254Z] ----------------------------------------------------------------------
[debug] [2022-10-26T21:16:26.258Z] Command:       C:\Program Files\nodejs\node.exe C:\Users\Nazmul Hasan\AppData\Roaming\npm\node_modules\firebase-tools\lib\bin\firebase.js init
[debug] [2022-10-26T21:16:26.258Z] CLI Version:   11.15.0
[debug] [2022-10-26T21:16:26.259Z] Platform:      win32
[debug] [2022-10-26T21:16:26.259Z] Node Version:  v16.15.1
[debug] [2022-10-26T21:16:26.261Z] Time:          Thu Oct 27 2022 03:16:26 GMT+0600 (Bangladesh Standard Time)
[debug] [2022-10-26T21:16:26.261Z] ----------------------------------------------------------------------
[debug] 
[debug] [2022-10-26T21:16:26.402Z] > command requires scopes: ["email","openid","https://www.googleapis.com/auth/cloudplatformprojects.readonly","https://www.googleapis.com/auth/firebase","https://www.googleapis.com/auth/cloud-platform"]
[debug] [2022-10-26T21:16:26.403Z] > authorizing via signed-in user (discovernazmul@gmail.com)
[info] 
     ######## #### ########  ######## ########     ###     ######  ########
     ##        ##  ##     ## ##       ##     ##  ##   ##  ##       ##
     ######    ##  ########  ######   ########  #########  ######  ######
     ##        ##  ##    ##  ##       ##     ## ##     ##       ## ##
     ##       #### ##     ## ######## ########  ##     ##  ######  ########

You're about to initialize a Firebase project in this directory:

  C:\projects\assignment-hero-tenth-client

Before we get started, keep in mind:

  * You are currently outside your home directory
  * You are initializing within an existing Firebase project directory

[info] 
=== Project Setup
[info] 
[info] First, let's associate this project directory with a Firebase project.
[info] You can create multiple project aliases by running firebase use --add, 
[info] but for now we'll just set up a default project.
[info] 
[debug] [2022-10-26T21:17:28.535Z] Using project from CLI flag: dragon-news
[debug] [2022-10-26T21:17:28.541Z] >>> [apiv2][query] GET https://firebase.googleapis.com/v1beta1/projects/dragon-news [none]
[debug] [2022-10-26T21:17:29.247Z] <<< [apiv2][status] GET https://firebase.googleapis.com/v1beta1/projects/dragon-news 403
[debug] [2022-10-26T21:17:29.248Z] <<< [apiv2][body] GET https://firebase.googleapis.com/v1beta1/projects/dragon-news {"error":{"code":403,"message":"The caller does not have permission","status":"PERMISSION_DENIED"}}
[debug] [2022-10-26T21:17:29.250Z] HTTP Error: 403, The caller does not have permission
[debug] [2022-10-26T21:17:29.610Z] FirebaseError: HTTP Error: 403, The caller does not have permission
    at responseToError (C:\Users\Nazmul Hasan\AppData\Roaming\npm\node_modules\firebase-tools\lib\responseToError.js:49:12)
    at RetryOperation._fn (C:\Users\Nazmul Hasan\AppData\Roaming\npm\node_modules\firebase-tools\lib\apiv2.js:288:77)
    at processTicksAndRejections (node:internal/process/task_queues:96:5)
[error] 
[error] Error: Failed to get Firebase project dragon-news. Please make sure the project exists and your account has permission to access it.
[debug] [2022-10-26T21:32:14.948Z] ----------------------------------------------------------------------
[debug] [2022-10-26T21:32:14.956Z] Command:       C:\Program Files\nodejs\node.exe C:\Users\Nazmul Hasan\AppData\Roaming\npm\node_modules\firebase-tools\lib\bin\firebase.js init
[debug] [2022-10-26T21:32:14.959Z] CLI Version:   11.15.0
[debug] [2022-10-26T21:32:14.960Z] Platform:      win32
[debug] [2022-10-26T21:32:14.960Z] Node Version:  v16.15.1
[debug] [2022-10-26T21:32:15.116Z] Time:          Thu Oct 27 2022 03:32:14 GMT+0600 (Bangladesh Standard Time)
[debug] [2022-10-26T21:32:15.117Z] ----------------------------------------------------------------------
[debug] 
[debug] [2022-10-26T21:32:15.389Z] > command requires scopes: ["email","openid","https://www.googleapis.com/auth/cloudplatformprojects.readonly","https://www.googleapis.com/auth/firebase","https://www.googleapis.com/auth/cloud-platform"]
[debug] [2022-10-26T21:32:15.390Z] > authorizing via signed-in user (discovernazmul@gmail.com)
[info] 
     ######## #### ########  ######## ########     ###     ######  ########
     ##        ##  ##     ## ##       ##     ##  ##   ##  ##       ##
     ######    ##  ########  ######   ########  #########  ######  ######
     ##        ##  ##    ##  ##       ##     ## ##     ##       ## ##
     ##       #### ##     ## ######## ########  ##     ##  ######  ########

You're about to initialize a Firebase project in this directory:

  C:\projects\assignment-hero-tenth-client

Before we get started, keep in mind:

  * You are currently outside your home directory
  * You are initializing within an existing Firebase project directory

[info] 
=== Project Setup
[info] 
[info] First, let's associate this project directory with a Firebase project.
[info] You can create multiple project aliases by running firebase use --add, 
[info] but for now we'll just set up a default project.
[info] 
[debug] [2022-10-26T21:32:45.795Z] Using project from CLI flag: dragon-news
[debug] [2022-10-26T21:32:45.802Z] >>> [apiv2][query] GET https://firebase.googleapis.com/v1beta1/projects/dragon-news [none]
[debug] [2022-10-26T21:32:48.680Z] <<< [apiv2][status] GET https://firebase.googleapis.com/v1beta1/projects/dragon-news 403
[debug] [2022-10-26T21:32:48.680Z] <<< [apiv2][body] GET https://firebase.googleapis.com/v1beta1/projects/dragon-news {"error":{"code":403,"message":"The caller does not have permission","status":"PERMISSION_DENIED"}}
[debug] [2022-10-26T21:32:48.681Z] HTTP Error: 403, The caller does not have permission
[debug] [2022-10-26T21:32:49.285Z] FirebaseError: HTTP Error: 403, The caller does not have permission
    at responseToError (C:\Users\Nazmul Hasan\AppData\Roaming\npm\node_modules\firebase-tools\lib\responseToError.js:49:12)
    at RetryOperation._fn (C:\Users\Nazmul Hasan\AppData\Roaming\npm\node_modules\firebase-tools\lib\apiv2.js:288:77)
    at processTicksAndRejections (node:internal/process/task_queues:96:5)
[error] 
[error] Error: Failed to get Firebase project dragon-news. Please make sure the project exists and your account has permission to access it.
[debug] [2022-10-26T21:33:30.067Z] ----------------------------------------------------------------------
[debug] [2022-10-26T21:33:30.074Z] Command:       C:\Program Files\nodejs\node.exe C:\Users\Nazmul Hasan\AppData\Roaming\npm\node_modules\firebase-tools\lib\bin\firebase.js init
[debug] [2022-10-26T21:33:30.076Z] CLI Version:   11.15.0
[debug] [2022-10-26T21:33:30.076Z] Platform:      win32
[debug] [2022-10-26T21:33:30.076Z] Node Version:  v16.15.1
[debug] [2022-10-26T21:33:30.078Z] Time:          Thu Oct 27 2022 03:33:30 GMT+0600 (Bangladesh Standard Time)
[debug] [2022-10-26T21:33:30.079Z] ----------------------------------------------------------------------
[debug] 
[debug] [2022-10-26T21:33:30.220Z] > command requires scopes: ["email","openid","https://www.googleapis.com/auth/cloudplatformprojects.readonly","https://www.googleapis.com/auth/firebase","https://www.googleapis.com/auth/cloud-platform"]
[debug] [2022-10-26T21:33:30.220Z] > authorizing via signed-in user (discovernazmul@gmail.com)
[info] 
     ######## #### ########  ######## ########     ###     ######  ########
     ##        ##  ##     ## ##       ##     ##  ##   ##  ##       ##
     ######    ##  ########  ######   ########  #########  ######  ######
     ##        ##  ##    ##  ##       ##     ## ##     ##       ## ##
     ##       #### ##     ## ######## ########  ##     ##  ######  ########

You're about to initialize a Firebase project in this directory:

  C:\projects\assignment-hero-tenth-client

Before we get started, keep in mind:

  * You are currently outside your home directory
  * You are initializing within an existing Firebase project directory

