[debug] [2022-10-26T22:46:18.412Z] ----------------------------------------------------------------------
[debug] [2022-10-26T22:46:18.415Z] Command:       C:\Program Files\nodejs\node.exe C:\Users\Nazmul Hasan\AppData\Roaming\npm\node_modules\firebase-tools\lib\bin\firebase.js init
[debug] [2022-10-26T22:46:18.416Z] CLI Version:   11.15.0
[debug] [2022-10-26T22:46:18.417Z] Platform:      win32
[debug] [2022-10-26T22:46:18.417Z] Node Version:  v16.15.1
[debug] [2022-10-26T22:46:18.418Z] Time:          Thu Oct 27 2022 04:46:18 GMT+0600 (Bangladesh Standard Time)
[debug] [2022-10-26T22:46:18.419Z] ----------------------------------------------------------------------
[debug] 
[debug] [2022-10-26T22:46:18.563Z] > command requires scopes: ["email","openid","https://www.googleapis.com/auth/cloudplatformprojects.readonly","https://www.googleapis.com/auth/firebase","https://www.googleapis.com/auth/cloud-platform"]
[debug] [2022-10-26T22:46:18.564Z] > authorizing via signed-in user (discovernazmul@gmail.com)
[info] 
     ######## #### ########  ######## ########     ###     ######  ########
     ##        ##  ##     ## ##       ##     ##  ##   ##  ##       ##
     ######    ##  ########  ######   ########  #########  ######  ######
     ##        ##  ##    ##  ##       ##     ## ##     ##       ## ##
     ##       #### ##     ## ######## ########  ##     ##  ######  ########

You're about to initialize a Firebase project in this directory:

  C:\projects\assignment-hero-tenth-client

Before we get started, keep in mind:

  * You are currently outside your home directory
  * You are initializing within an existing Firebase project directory

[info] 
=== Project Setup
[info] 
[info] First, let's associate this project directory with a Firebase project.
[info] You can create multiple project aliases by running firebase use --add, 
[info] but for now we'll just set up a default project.
[info] 
[debug] [2022-10-26T22:46:33.187Z] Using project from CLI flag: assignment-hero-tenth-client
[debug] [2022-10-26T22:46:33.191Z] > refreshing access token with scopes: []
[debug] [2022-10-26T22:46:33.194Z] >>> [apiv2][query] POST https://www.googleapis.com/oauth2/v3/token [none]
[debug] [2022-10-26T22:46:33.194Z] >>> [apiv2][body] POST https://www.googleapis.com/oauth2/v3/token [omitted]
[debug] [2022-10-26T22:46:33.989Z] <<< [apiv2][status] POST https://www.googleapis.com/oauth2/v3/token 200
[debug] [2022-10-26T22:46:33.989Z] <<< [apiv2][body] POST https://www.googleapis.com/oauth2/v3/token [omitted]
[debug] [2022-10-26T22:46:34.063Z] >>> [apiv2][query] GET https://firebase.googleapis.com/v1beta1/projects/assignment-hero-tenth-client [none]
[debug] [2022-10-26T22:46:34.886Z] <<< [apiv2][status] GET https://firebase.googleapis.com/v1beta1/projects/assignment-hero-tenth-client 403
[debug] [2022-10-26T22:46:34.887Z] <<< [apiv2][body] GET https://firebase.googleapis.com/v1beta1/projects/assignment-hero-tenth-client {"error":{"code":403,"message":"The caller does not have permission","status":"PERMISSION_DENIED"}}
[debug] [2022-10-26T22:46:34.889Z] HTTP Error: 403, The caller does not have permission
[debug] [2022-10-26T22:46:35.244Z] FirebaseError: HTTP Error: 403, The caller does not have permission
    at responseToError (C:\Users\Nazmul Hasan\AppData\Roaming\npm\node_modules\firebase-tools\lib\responseToError.js:49:12)
    at RetryOperation._fn (C:\Users\Nazmul Hasan\AppData\Roaming\npm\node_modules\firebase-tools\lib\apiv2.js:288:77)
    at processTicksAndRejections (node:internal/process/task_queues:96:5)
[error] 
[error] Error: Failed to get Firebase project assignment-hero-tenth-client. Please make sure the project exists and your account has permission to access it.
